<?xml version="1.0" encoding="UTF-8"?>
<!-- Generated by org.testng.reporters.JUnitReportReporter -->
<testsuite skipped="0" hostname="LAPTOP-T9IEEUV2" name="selfLearning.gitBasics.SimpleTestClass" tests="1" failures="0" timestamp="27 Jun 2018 17:45:10 GMT" time="0.064" errors="0">
  <testcase name="printFunction" time="0.064" classname="selfLearning.gitBasics.SimpleTestClass"/>
</testsuite> <!-- selfLearning.gitBasics.SimpleTestClass -->
